#
# A fatal error has been detected by the Java Runtime Environment:
#
#  EXCEPTION_ACCESS_VIOLATION (0xc0000005) at pc=0x00007fff326b4879, pid=10212, tid=15828
#
# JRE version: Java(TM) SE Runtime Environment (11.0.5+10) (build 11.0.5+10-LTS)
# Java VM: Java HotSpot(TM) 64-Bit Server VM (11.0.5+10-LTS, mixed mode, tiered, compressed oops, g1 gc, windows-amd64)
# Problematic frame:
# C  [javafx_font.dll+0x4879]
#
# No core dump will be written. Minidumps are not enabled by default on client versions of Windows
#
# If you would like to submit a bug report, please visit:
#   http://bugreport.java.com/bugreport/crash.jsp
# The crash happened outside the Java Virtual Machine in native code.
# See problematic frame for where to report the bug.
#

---------------  S U M M A R Y ------------

Command Line: -Dheadless=true -Dorg.gradle.native=false -Dtestfx.setup.timeout=60000 -javaagent:build/tmp/expandedArchives/org.jacoco.agent-0.8.2.jar_2aca8b620b19ecd063f63feff8caaa38/jacocoagent.jar=destfile=build/jacoco/test.exec,append=true,inclnolocationclasses=false,dumponexit=true,output=file,jmx=false -Xmx512m -Dfile.encoding=UTF-8 -Duser.country=SG -Duser.language=en -Duser.variant -ea worker.org.gradle.process.internal.worker.GradleWorkerMain 'Gradle Test Executor 4'

Host: Intel(R) Core(TM) i3-8130U CPU @ 2.20GHz, 4 cores, 7G,  Windows 10 , 64 bit Build 19041 (10.0.19041.546)
Time: Thu Oct 22 16:24:15 2020 Malay Peninsula Standard Time elapsed time: 5 seconds (0d 0h 0m 5s)

---------------  T H R E A D  ---------------

Current thread (0x00000170f0728800):  JavaThread "QuantumRenderer-0" daemon [_thread_in_native, id=15828, stack(0x000000679a700000,0x000000679a800000)]

Stack: [0x000000679a700000,0x000000679a800000],  sp=0x000000679a7fc2e0,  free space=1008k
Native frames: (J=compiled Java code, j=interpreted, Vv=VM code, C=native code)
C  [javafx_font.dll+0x4879]

Java frames: (J=compiled Java code, j=interpreted, Vv=VM code)
j  com.sun.javafx.font.directwrite.OS.CreateBitmap(JIIII)J+0
j  com.sun.javafx.font.directwrite.IWICImagingFactory.CreateBitmap(IIII)Lcom/sun/javafx/font/directwrite/IWICBitmap;+14
j  com.sun.javafx.font.directwrite.DWGlyph.createBitmap(II)Lcom/sun/javafx/font/directwrite/IWICBitmap;+21
j  com.sun.javafx.font.directwrite.DWGlyph.getCachedBitmap()Lcom/sun/javafx/font/directwrite/IWICBitmap;+30
j  com.sun.javafx.font.directwrite.DWGlyph.getD2DMask(FFZ)[B+194
j  com.sun.javafx.font.directwrite.DWGlyph.getPixelData(I)[B+160
j  com.sun.prism.sw.SWGraphics.drawGlyph(Lcom/sun/javafx/font/FontStrike;Lcom/sun/javafx/scene/text/GlyphList;ILcom/sun/javafx/geom/transform/BaseTransform;ZFF)V+118
j  com.sun.prism.sw.SWGraphics.drawString(Lcom/sun/javafx/scene/text/GlyphList;Lcom/sun/javafx/font/FontStrike;FFLcom/sun/prism/paint/Color;II)V+661
j  com.sun.javafx.sg.prism.NGText.renderText(Lcom/sun/prism/Graphics;Lcom/sun/javafx/font/FontStrike;Lcom/sun/javafx/geom/BaseBounds;Lcom/sun/prism/paint/Color;I)V+330
j  com.sun.javafx.sg.prism.NGText.renderContent2D(Lcom/sun/prism/Graphics;Z)V+437
j  com.sun.javafx.sg.prism.NGShape.renderContent(Lcom/sun/prism/Graphics;)V+684
j  com.sun.javafx.sg.prism.NGNode.doRender(Lcom/sun/prism/Graphics;)V+659
j  com.sun.javafx.sg.prism.NGNode.render(Lcom/sun/prism/Graphics;)V+80
j  com.sun.javafx.sg.prism.NGGroup.renderContent(Lcom/sun/prism/Graphics;)V+264
j  com.sun.javafx.sg.prism.NGNode.doRender(Lcom/sun/prism/Graphics;)V+659
j  com.sun.javafx.sg.prism.NGNode.render(Lcom/sun/prism/Graphics;)V+80
j  com.sun.javafx.sg.prism.NGGroup.renderContent(Lcom/sun/prism/Graphics;)V+264
j  com.sun.javafx.sg.prism.NGRegion.renderContent(Lcom/sun/prism/Graphics;)V+217
j  com.sun.javafx.sg.prism.NGNode.doRender(Lcom/sun/prism/Graphics;)V+659
j  com.sun.javafx.sg.prism.NGNode.render(Lcom/sun/prism/Graphics;)V+80
j  com.sun.javafx.sg.prism.NGGroup.renderContent(Lcom/sun/prism/Graphics;)V+264
j  com.sun.javafx.sg.prism.NGRegion.renderContent(Lcom/sun/prism/Graphics;)V+217
j  com.sun.javafx.sg.prism.NGNode.doRender(Lcom/sun/prism/Graphics;)V+659
j  com.sun.javafx.sg.prism.NGNode.render(Lcom/sun/prism/Graphics;)V+80
j  com.sun.javafx.sg.prism.NGGroup.renderContent(Lcom/sun/prism/Graphics;)V+264
j  com.sun.javafx.sg.prism.NGRegion.renderContent(Lcom/sun/prism/Graphics;)V+217
j  com.sun.javafx.sg.prism.NGNode.renderForClip(Lcom/sun/prism/Graphics;)V+33
j  com.sun.javafx.sg.prism.NGNode.renderRectClip(Lcom/sun/prism/Graphics;Lcom/sun/javafx/sg/prism/NGRectangle;)V+221
j  com.sun.javafx.sg.prism.NGNode.renderClip(Lcom/sun/prism/Graphics;)V+161
j  com.sun.javafx.sg.prism.CacheFilter.renderNodeToCache(Lcom/sun/scenario/effect/ImageData;Lcom/sun/javafx/geom/Rectangle;Lcom/sun/javafx/geom/transform/BaseTransform;Lcom/sun/javafx/geom/Rectangle;)V+276
j  com.sun.javafx.sg.prism.CacheFilter.render(Lcom/sun/prism/Graphics;)V+586
j  com.sun.javafx.sg.prism.NGNode.renderCached(Lcom/sun/prism/Graphics;)V+68
j  com.sun.javafx.sg.prism.NGNode.doRender(Lcom/sun/prism/Graphics;)V+514
j  com.sun.javafx.sg.prism.NGNode.render(Lcom/sun/prism/Graphics;)V+80
j  com.sun.javafx.sg.prism.NGGroup.renderContent(Lcom/sun/prism/Graphics;)V+264
j  com.sun.javafx.sg.prism.NGRegion.renderContent(Lcom/sun/prism/Graphics;)V+217
j  com.sun.javafx.sg.prism.NGNode.doRender(Lcom/sun/prism/Graphics;)V+659
j  com.sun.javafx.sg.prism.NGNode.render(Lcom/sun/prism/Graphics;)V+80
j  com.sun.javafx.sg.prism.NGGroup.renderContent(Lcom/sun/prism/Graphics;)V+264
j  com.sun.javafx.sg.prism.NGRegion.renderContent(Lcom/sun/prism/Graphics;)V+217
j  com.sun.javafx.sg.prism.NGNode.doRender(Lcom/sun/prism/Graphics;)V+659
j  com.sun.javafx.sg.prism.NGNode.render(Lcom/sun/prism/Graphics;)V+80
j  com.sun.javafx.sg.prism.NGGroup.renderContent(Lcom/sun/prism/Graphics;)V+264
j  com.sun.javafx.sg.prism.NGRegion.renderContent(Lcom/sun/prism/Graphics;)V+217
j  com.sun.javafx.sg.prism.NGNode.doRender(Lcom/sun/prism/Graphics;)V+659
j  com.sun.javafx.sg.prism.NGNode.render(Lcom/sun/prism/Graphics;)V+80
j  com.sun.javafx.sg.prism.NGGroup.renderContent(Lcom/sun/prism/Graphics;)V+264
j  com.sun.javafx.sg.prism.NGRegion.renderContent(Lcom/sun/prism/Graphics;)V+217
j  com.sun.javafx.sg.prism.NGNode.doRender(Lcom/sun/prism/Graphics;)V+659
j  com.sun.javafx.sg.prism.NGNode.render(Lcom/sun/prism/Graphics;)V+80
j  com.sun.javafx.sg.prism.NGGroup.renderContent(Lcom/sun/prism/Graphics;)V+264
j  com.sun.javafx.sg.prism.NGRegion.renderContent(Lcom/sun/prism/Graphics;)V+217
j  com.sun.javafx.sg.prism.NGNode.doRender(Lcom/sun/prism/Graphics;)V+659
j  com.sun.javafx.sg.prism.NGNode.render(Lcom/sun/prism/Graphics;)V+80
j  com.sun.javafx.sg.prism.NGGroup.renderContent(Lcom/sun/prism/Graphics;)V+264
j  com.sun.javafx.sg.prism.NGRegion.renderContent(Lcom/sun/prism/Graphics;)V+217
j  com.sun.javafx.sg.prism.NGNode.doRender(Lcom/sun/prism/Graphics;)V+659
j  com.sun.javafx.sg.prism.NGNode.render(Lcom/sun/prism/Graphics;)V+80
j  com.sun.javafx.tk.quantum.ViewPainter.doPaint(Lcom/sun/prism/Graphics;Lcom/sun/javafx/sg/prism/NodePath;)V+386
j  com.sun.javafx.tk.quantum.ViewPainter.paintImpl(Lcom/sun/prism/Graphics;)V+1628
j  com.sun.javafx.tk.quantum.UploadingPainter.run()V+1342
j  java.util.concurrent.Executors$RunnableAdapter.call()Ljava/lang/Object;+4 java.base@11.0.5
j  java.util.concurrent.FutureTask.runAndReset()Z+44 java.base@11.0.5
j  com.sun.javafx.tk.RenderJob.run()V+5
j  java.util.concurrent.ThreadPoolExecutor.runWorker(Ljava/util/concurrent/ThreadPoolExecutor$Worker;)V+92 java.base@11.0.5
j  java.util.concurrent.ThreadPoolExecutor$Worker.run()V+5 java.base@11.0.5
j  com.sun.javafx.tk.quantum.QuantumRenderer$PipelineRunnable.run()V+17
j  java.lang.Thread.run()V+11 java.base@11.0.5
v  ~StubRoutines::call_stub

siginfo: EXCEPTION_ACCESS_VIOLATION (0xc0000005), reading address 0x00007fff3bd4c780


Register to memory mapping:

RIP=0x00007fff326b4879 javafx_font.dll
RAX=0x0000000000000001 is an unknown value
RBX=0x0 is NULL
RCX=0x00000170d221e5f0 points into unknown readable memory: f8 c6 d4 3b ff 7f 00 00
RDX=0x0000000000000100 is an unknown value
RSP=0x000000679a7fc2e0 is pointing into the stack for thread: 0x00000170f0728800
RBP=0x000000679a7fc3e0 is pointing into the stack for thread: 0x00000170f0728800
RSI=0x0000000000000020 is an unknown value
RDI=0x0000000000000100 is an unknown value
R8 =0x0000000000000100 is an unknown value
R9 =0x000000679a7fc318 is pointing into the stack for thread: 0x00000170f0728800
R10=0x00007fff3bd4c6f8 is an unknown value
R11=0x00000170d221e5f0 points into unknown readable memory: f8 c6 d4 3b ff 7f 00 00
R12=0x0 is NULL
R13={method} {0x00000170f50cf488} 'CreateBitmap' '(JIIII)J' in 'com/sun/javafx/font/directwrite/OS'
R14=0x000000679a7fc428 is pointing into the stack for thread: 0x00000170f0728800
R15=0x00000170f0728800 is a thread


Registers:
RAX=0x0000000000000001, RBX=0x0000000000000000, RCX=0x00000170d221e5f0, RDX=0x0000000000000100
RSP=0x000000679a7fc2e0, RBP=0x000000679a7fc3e0, RSI=0x0000000000000020, RDI=0x0000000000000100
R8 =0x0000000000000100, R9 =0x000000679a7fc318, R10=0x00007fff3bd4c6f8, R11=0x00000170d221e5f0
R12=0x0000000000000000, R13=0x00000170f50cf480, R14=0x000000679a7fc428, R15=0x00000170f0728800
RIP=0x00007fff326b4879, EFLAGS=0x0000000000010206

Top of Stack: (sp=0x000000679a7fc2e0)
0x000000679a7fc2e0:   0000000000000020 00000170dbc0bb43
0x000000679a7fc2f0:   00000170f50cf480 00000170f0728800
0x000000679a7fc300:   0000000000000001 000000679a7fc310
0x000000679a7fc310:   0000000000000000 4bfe4e036fddc324
0x000000679a7fc320:   10c98d76773d85b1 0000c2fdb8a8a1ea
0x000000679a7fc330:   0000000000001b10 00000170dbbcf037
0x000000679a7fc340:   00000170f50cf480 00000170f6e50fa8
0x000000679a7fc350:   00000170f6e50f58 00007ffee7d9dfef
0x000000679a7fc360:   0000000000000100 0000017000000008
0x000000679a7fc370:   0000017000000001 00000170f50cf480
0x000000679a7fc380:   0000000000000020 00007ffee7d977f4
0x000000679a7fc390:   00000170dbbcecd6 000000679a7fc398
0x000000679a7fc3a0:   00000170f50cf480 000000679a7fc428
0x000000679a7fc3b0:   00000170f50d0040 0000000000000000
0x000000679a7fc3c0:   00000000e35862b8 00000170f50cf480
0x000000679a7fc3d0:   0000000000000000 000000679a7fc400 

Instructions: (pc=0x00007fff326b4879)
0x00007fff326b4859:   84 24 80 00 00 00 4c 8d 4c 24 38 48 89 44 24 28
0x00007fff326b4869:   8b d7 8b 84 24 90 00 00 00 49 8b cb 89 44 24 20
0x00007fff326b4879:   41 ff 92 88 00 00 00 85 c0 48 0f 49 5c 24 30 48
0x00007fff326b4889:   8b c3 48 8b 4c 24 48 48 33 cc e8 68 44 00 00 48 


Stack slot to memory mapping:
stack at sp + 0 slots: 0x0000000000000020 is an unknown value
stack at sp + 1 slots: 0x00000170dbc0bb43 is at code_begin+4547 in 
[CodeBlob (0x00000170dbc0a910)]
Framesize: 0
BufferBlob (0x00000170dbc0a910) used for native signature handlers
stack at sp + 2 slots: {method} {0x00000170f50cf488} 'CreateBitmap' '(JIIII)J' in 'com/sun/javafx/font/directwrite/OS'
stack at sp + 3 slots: 0x00000170f0728800 is a thread
stack at sp + 4 slots: 0x0000000000000001 is an unknown value
stack at sp + 5 slots: 0x000000679a7fc310 is pointing into the stack for thread: 0x00000170f0728800
stack at sp + 6 slots: 0x0 is NULL
stack at sp + 7 slots: 0x4bfe4e036fddc324 is an unknown value


---------------  P R O C E S S  ---------------

Threads class SMR info:
_java_thread_list=0x00000170f1558d80, length=22, elements={
0x00000170d384c800, 0x00000170eeaab800, 0x00000170eeab5000, 0x00000170eeb07800,
0x00000170eeb08800, 0x00000170eeb0a000, 0x00000170eeb11800, 0x00000170ef434800,
0x00000170ef590000, 0x00000170ef7b2800, 0x00000170f078f800, 0x00000170ef943800,
0x00000170ef8c7000, 0x00000170ef866800, 0x00000170f0875800, 0x00000170f0789800,
0x00000170f0728800, 0x00000170f17c2800, 0x00000170f0963800, 0x00000170f1756000,
0x00000170f07ea000, 0x00000170f07eb000
}

Java Threads: ( => current thread )
  0x00000170d384c800 JavaThread "main" [_thread_blocked, id=14168, stack(0x0000006798b00000,0x0000006798c00000)]
  0x00000170eeaab800 JavaThread "Reference Handler" daemon [_thread_blocked, id=6852, stack(0x0000006799200000,0x0000006799300000)]
  0x00000170eeab5000 JavaThread "Finalizer" daemon [_thread_blocked, id=6172, stack(0x0000006799300000,0x0000006799400000)]
  0x00000170eeb07800 JavaThread "Signal Dispatcher" daemon [_thread_blocked, id=7736, stack(0x0000006799500000,0x0000006799600000)]
  0x00000170eeb08800 JavaThread "Attach Listener" daemon [_thread_blocked, id=2776, stack(0x0000006799600000,0x0000006799700000)]
  0x00000170eeb0a000 JavaThread "C2 CompilerThread0" daemon [_thread_blocked, id=16300, stack(0x0000006799700000,0x0000006799800000)]
  0x00000170eeb11800 JavaThread "C1 CompilerThread0" daemon [_thread_blocked, id=6676, stack(0x0000006799800000,0x0000006799900000)]
  0x00000170ef434800 JavaThread "Sweeper thread" daemon [_thread_blocked, id=6924, stack(0x0000006799900000,0x0000006799a00000)]
  0x00000170ef590000 JavaThread "Common-Cleaner" daemon [_thread_blocked, id=13584, stack(0x0000006799a00000,0x0000006799b00000)]
  0x00000170ef7b2800 JavaThread "Service Thread" daemon [_thread_blocked, id=2316, stack(0x0000006799b00000,0x0000006799c00000)]
  0x00000170f078f800 JavaThread "Test worker" [_thread_blocked, id=10092, stack(0x000000679a100000,0x000000679a200000)]
  0x00000170ef943800 JavaThread "C2 CompilerThread1" daemon [_thread_blocked, id=16412, stack(0x0000006799f00000,0x000000679a000000)]
  0x00000170ef8c7000 JavaThread "/127.0.0.1:57671 to /127.0.0.1:57670 workers Thread 2" [_thread_blocked, id=2796, stack(0x000000679a200000,0x000000679a300000)]
  0x00000170ef866800 JavaThread "/127.0.0.1:57671 to /127.0.0.1:57670 workers Thread 3" [_thread_in_native, id=6072, stack(0x000000679a300000,0x000000679a400000)]
  0x00000170f0875800 JavaThread "testfx-async-pool-thread-1" daemon [_thread_blocked, id=5784, stack(0x000000679a500000,0x000000679a600000)]
  0x00000170f0789800 JavaThread "JavaFX-Launcher" daemon [_thread_blocked, id=17712, stack(0x000000679a600000,0x000000679a700000)]
=>0x00000170f0728800 JavaThread "QuantumRenderer-0" daemon [_thread_in_native, id=15828, stack(0x000000679a700000,0x000000679a800000)]
  0x00000170f17c2800 JavaThread "JavaFX Application Thread" daemon [_thread_blocked, id=12404, stack(0x000000679a800000,0x000000679a900000)]
  0x00000170f0963800 JavaThread "Timer-0" daemon [_thread_blocked, id=7856, stack(0x000000679a900000,0x000000679aa00000)]
  0x00000170f1756000 JavaThread "testfx-async-pool-thread-2" daemon [_thread_blocked, id=13348, stack(0x000000679aa00000,0x000000679ab00000)]
  0x00000170f07ea000 JavaThread "Prism Font Disposer" daemon [_thread_blocked, id=8452, stack(0x000000679ab00000,0x000000679ac00000)]
  0x00000170f07eb000 JavaThread "Cleaner-0" daemon [_thread_blocked, id=12988, stack(0x000000679ac00000,0x000000679ad00000)]

Other Threads:
  0x00000170eea84800 VMThread "VM Thread" [stack: 0x0000006799100000,0x0000006799200000] [id=12136]
  0x00000170efd24800 WatcherThread [stack: 0x0000006799c00000,0x0000006799d00000] [id=5780]
  0x00000170d3867800 GCTaskThread "GC Thread#0" [stack: 0x0000006798c00000,0x0000006798d00000] [id=18288]
  0x00000170ef8da000 GCTaskThread "GC Thread#1" [stack: 0x0000006799d00000,0x0000006799e00000] [id=4332]
  0x00000170efd3b000 GCTaskThread "GC Thread#2" [stack: 0x0000006799e00000,0x0000006799f00000] [id=15044]
  0x00000170f3813800 GCTaskThread "GC Thread#3" [stack: 0x000000679a400000,0x000000679a500000] [id=17868]
  0x00000170d387e800 ConcurrentGCThread "G1 Main Marker" [stack: 0x0000006798d00000,0x0000006798e00000] [id=17036]
  0x00000170d3880000 ConcurrentGCThread "G1 Conc#0" [stack: 0x0000006798e00000,0x0000006798f00000] [id=14264]
  0x00000170d38fd000 ConcurrentGCThread "G1 Refine#0" [stack: 0x0000006798f00000,0x0000006799000000] [id=16080]
  0x00000170d38fe000 ConcurrentGCThread "G1 Young RemSet Sampling" [stack: 0x0000006799000000,0x0000006799100000] [id=13448]

Threads with active compile tasks:

VM state:not at safepoint (normal execution)

VM Mutex/Monitor currently owned by a thread: None

Heap address: 0x00000000e0000000, size: 512 MB, Compressed Oops mode: 32-bit
Narrow klass base: 0x0000000000000000, Narrow klass shift: 3
Compressed class space size: 1073741824 Address: 0x0000000100000000

Heap:
 garbage-first heap   total 131072K, used 71440K [0x00000000e0000000, 0x0000000100000000)
  region size 1024K, 54 young (55296K), 8 survivors (8192K)
 Metaspace       used 32514K, capacity 33738K, committed 33792K, reserved 1079296K
  class space    used 3829K, capacity 4349K, committed 4352K, reserved 1048576K
Heap Regions: E=young(eden), S=young(survivor), O=old, HS=humongous(starts), HC=humongous(continues), CS=collection set, F=free, A=archive, TAMS=top-at-mark-start (previous, next)
|   0|0x00000000e0000000, 0x00000000e0100000, 0x00000000e0100000|100%| O|  |TAMS 0x00000000e0100000, 0x00000000e0000000| Untracked 
|   1|0x00000000e0100000, 0x00000000e0200000, 0x00000000e0200000|100%| O|  |TAMS 0x00000000e0200000, 0x00000000e0100000| Untracked 
|   2|0x00000000e0200000, 0x00000000e0300000, 0x00000000e0300000|100%| O|  |TAMS 0x00000000e026f600, 0x00000000e0200000| Untracked 
|   3|0x00000000e0300000, 0x00000000e0400000, 0x00000000e0400000|100%|HS|  |TAMS 0x00000000e0300000, 0x00000000e0300000| Complete 
|   4|0x00000000e0400000, 0x00000000e0500000, 0x00000000e0500000|100%|HC|  |TAMS 0x00000000e0400000, 0x00000000e0400000| Complete 
|   5|0x00000000e0500000, 0x00000000e0600000, 0x00000000e0600000|100%|HC|  |TAMS 0x00000000e0500000, 0x00000000e0500000| Complete 
|   6|0x00000000e0600000, 0x00000000e0700000, 0x00000000e0700000|100%|HC|  |TAMS 0x00000000e0600000, 0x00000000e0600000| Complete 
|   7|0x00000000e0700000, 0x00000000e0800000, 0x00000000e0800000|100%| O|  |TAMS 0x00000000e0700000, 0x00000000e0700000| Untracked 
|   8|0x00000000e0800000, 0x00000000e081e400, 0x00000000e0900000| 11%| O|  |TAMS 0x00000000e0800000, 0x00000000e0800000| Untracked 
|   9|0x00000000e0900000, 0x00000000e0a00000, 0x00000000e0a00000|100%|HS|  |TAMS 0x00000000e0900000, 0x00000000e0900000| Complete 
|  10|0x00000000e0a00000, 0x00000000e0b00000, 0x00000000e0b00000|100%|HC|  |TAMS 0x00000000e0a00000, 0x00000000e0a00000| Complete 
|  11|0x00000000e0b00000, 0x00000000e0c00000, 0x00000000e0c00000|100%|HC|  |TAMS 0x00000000e0b00000, 0x00000000e0b00000| Complete 
|  12|0x00000000e0c00000, 0x00000000e0d00000, 0x00000000e0d00000|100%|HC|  |TAMS 0x00000000e0c00000, 0x00000000e0c00000| Complete 
|  13|0x00000000e0d00000, 0x00000000e0e00000, 0x00000000e0e00000|100%|HC|  |TAMS 0x00000000e0d00000, 0x00000000e0d00000| Complete 
|  14|0x00000000e0e00000, 0x00000000e0f00000, 0x00000000e0f00000|100%|HC|  |TAMS 0x00000000e0e00000, 0x00000000e0e00000| Complete 
|  15|0x00000000e0f00000, 0x00000000e1000000, 0x00000000e1000000|100%|HC|  |TAMS 0x00000000e0f00000, 0x00000000e0f00000| Complete 
|  16|0x00000000e1000000, 0x00000000e1100000, 0x00000000e1100000|100%|HC|  |TAMS 0x00000000e1000000, 0x00000000e1000000| Complete 
|  17|0x00000000e1100000, 0x00000000e1200000, 0x00000000e1200000|100%|HC|  |TAMS 0x00000000e1100000, 0x00000000e1100000| Complete 
|  18|0x00000000e1200000, 0x00000000e1200000, 0x00000000e1300000|  0%| F|  |TAMS 0x00000000e1200000, 0x00000000e1200000| Untracked 
|  19|0x00000000e1300000, 0x00000000e1300000, 0x00000000e1400000|  0%| F|  |TAMS 0x00000000e1300000, 0x00000000e1300000| Untracked 
|  20|0x00000000e1400000, 0x00000000e1400000, 0x00000000e1500000|  0%| F|  |TAMS 0x00000000e1400000, 0x00000000e1400000| Untracked 
|  21|0x00000000e1500000, 0x00000000e1500000, 0x00000000e1600000|  0%| F|  |TAMS 0x00000000e1500000, 0x00000000e1500000| Untracked 
|  22|0x00000000e1600000, 0x00000000e1600000, 0x00000000e1700000|  0%| F|  |TAMS 0x00000000e1600000, 0x00000000e1600000| Untracked 
|  23|0x00000000e1700000, 0x00000000e1700000, 0x00000000e1800000|  0%| F|  |TAMS 0x00000000e1700000, 0x00000000e1700000| Untracked 
|  24|0x00000000e1800000, 0x00000000e1800000, 0x00000000e1900000|  0%| F|  |TAMS 0x00000000e1800000, 0x00000000e1800000| Untracked 
|  25|0x00000000e1900000, 0x00000000e1900000, 0x00000000e1a00000|  0%| F|  |TAMS 0x00000000e1900000, 0x00000000e1900000| Untracked 
|  26|0x00000000e1a00000, 0x00000000e1a00000, 0x00000000e1b00000|  0%| F|  |TAMS 0x00000000e1a00000, 0x00000000e1a00000| Untracked 
|  27|0x00000000e1b00000, 0x00000000e1b00000, 0x00000000e1c00000|  0%| F|  |TAMS 0x00000000e1b00000, 0x00000000e1b00000| Untracked 
|  28|0x00000000e1c00000, 0x00000000e1c00000, 0x00000000e1d00000|  0%| F|  |TAMS 0x00000000e1c00000, 0x00000000e1c00000| Untracked 
|  29|0x00000000e1d00000, 0x00000000e1d00000, 0x00000000e1e00000|  0%| F|  |TAMS 0x00000000e1d00000, 0x00000000e1d00000| Untracked 
|  30|0x00000000e1e00000, 0x00000000e1e00000, 0x00000000e1f00000|  0%| F|  |TAMS 0x00000000e1e00000, 0x00000000e1e00000| Untracked 
|  31|0x00000000e1f00000, 0x00000000e1f00000, 0x00000000e2000000|  0%| F|  |TAMS 0x00000000e1f00000, 0x00000000e1f00000| Untracked 
|  32|0x00000000e2000000, 0x00000000e2000000, 0x00000000e2100000|  0%| F|  |TAMS 0x00000000e2000000, 0x00000000e2000000| Untracked 
|  33|0x00000000e2100000, 0x00000000e2100000, 0x00000000e2200000|  0%| F|  |TAMS 0x00000000e2100000, 0x00000000e2100000| Untracked 
|  34|0x00000000e2200000, 0x00000000e2200000, 0x00000000e2300000|  0%| F|  |TAMS 0x00000000e2200000, 0x00000000e2200000| Untracked 
|  35|0x00000000e2300000, 0x00000000e2300000, 0x00000000e2400000|  0%| F|  |TAMS 0x00000000e2300000, 0x00000000e2300000| Untracked 
|  36|0x00000000e2400000, 0x00000000e2400000, 0x00000000e2500000|  0%| F|  |TAMS 0x00000000e2400000, 0x00000000e2400000| Untracked 
|  37|0x00000000e2500000, 0x00000000e2500000, 0x00000000e2600000|  0%| F|  |TAMS 0x00000000e2500000, 0x00000000e2500000| Untracked 
|  38|0x00000000e2600000, 0x00000000e2600000, 0x00000000e2700000|  0%| F|  |TAMS 0x00000000e2600000, 0x00000000e2600000| Untracked 
|  39|0x00000000e2700000, 0x00000000e2700000, 0x00000000e2800000|  0%| F|  |TAMS 0x00000000e2700000, 0x00000000e2700000| Untracked 
|  40|0x00000000e2800000, 0x00000000e2800000, 0x00000000e2900000|  0%| F|  |TAMS 0x00000000e2800000, 0x00000000e2800000| Untracked 
|  41|0x00000000e2900000, 0x00000000e2900000, 0x00000000e2a00000|  0%| F|  |TAMS 0x00000000e2900000, 0x00000000e2900000| Untracked 
|  42|0x00000000e2a00000, 0x00000000e2a00000, 0x00000000e2b00000|  0%| F|  |TAMS 0x00000000e2a00000, 0x00000000e2a00000| Untracked 
|  43|0x00000000e2b00000, 0x00000000e2b00000, 0x00000000e2c00000|  0%| F|  |TAMS 0x00000000e2b00000, 0x00000000e2b00000| Untracked 
|  44|0x00000000e2c00000, 0x00000000e2ca5d50, 0x00000000e2d00000| 64%| S|CS|TAMS 0x00000000e2c00000, 0x00000000e2c00000| Complete 
|  45|0x00000000e2d00000, 0x00000000e2e00000, 0x00000000e2e00000|100%| S|CS|TAMS 0x00000000e2d00000, 0x00000000e2d00000| Complete 
|  46|0x00000000e2e00000, 0x00000000e2f00000, 0x00000000e2f00000|100%| S|CS|TAMS 0x00000000e2e00000, 0x00000000e2e00000| Complete 
|  47|0x00000000e2f00000, 0x00000000e2f00000, 0x00000000e3000000|  0%| F|  |TAMS 0x00000000e2f00000, 0x00000000e2f00000| Untracked 
|  48|0x00000000e3000000, 0x00000000e3000000, 0x00000000e3100000|  0%| F|  |TAMS 0x00000000e3000000, 0x00000000e3000000| Untracked 
|  49|0x00000000e3100000, 0x00000000e3100000, 0x00000000e3200000|  0%| F|  |TAMS 0x00000000e3100000, 0x00000000e3100000| Untracked 
|  50|0x00000000e3200000, 0x00000000e3200000, 0x00000000e3300000|  0%| F|  |TAMS 0x00000000e3200000, 0x00000000e3200000| Untracked 
|  51|0x00000000e3300000, 0x00000000e3300000, 0x00000000e3400000|  0%| F|  |TAMS 0x00000000e3300000, 0x00000000e3300000| Untracked 
|  52|0x00000000e3400000, 0x00000000e3500000, 0x00000000e3500000|100%| S|CS|TAMS 0x00000000e3400000, 0x00000000e3400000| Complete 
|  53|0x00000000e3500000, 0x00000000e3600000, 0x00000000e3600000|100%| S|CS|TAMS 0x00000000e3500000, 0x00000000e3500000| Complete 
|  54|0x00000000e3600000, 0x00000000e3700000, 0x00000000e3700000|100%| S|CS|TAMS 0x00000000e3600000, 0x00000000e3600000| Complete 
|  55|0x00000000e3700000, 0x00000000e3800000, 0x00000000e3800000|100%| S|CS|TAMS 0x00000000e3700000, 0x00000000e3700000| Complete 
|  56|0x00000000e3800000, 0x00000000e3900000, 0x00000000e3900000|100%| S|CS|TAMS 0x00000000e3800000, 0x00000000e3800000| Complete 
|  57|0x00000000e3900000, 0x00000000e3900000, 0x00000000e3a00000|  0%| F|  |TAMS 0x00000000e3900000, 0x00000000e3900000| Untracked 
|  58|0x00000000e3a00000, 0x00000000e3a00000, 0x00000000e3b00000|  0%| F|  |TAMS 0x00000000e3a00000, 0x00000000e3a00000| Untracked 
|  59|0x00000000e3b00000, 0x00000000e3b00000, 0x00000000e3c00000|  0%| F|  |TAMS 0x00000000e3b00000, 0x00000000e3b00000| Untracked 
|  60|0x00000000e3c00000, 0x00000000e3c00000, 0x00000000e3d00000|  0%| F|  |TAMS 0x00000000e3c00000, 0x00000000e3c00000| Untracked 
|  61|0x00000000e3d00000, 0x00000000e3d00000, 0x00000000e3e00000|  0%| F|  |TAMS 0x00000000e3d00000, 0x00000000e3d00000| Untracked 
|  62|0x00000000e3e00000, 0x00000000e3e00000, 0x00000000e3f00000|  0%| F|  |TAMS 0x00000000e3e00000, 0x00000000e3e00000| Untracked 
|  63|0x00000000e3f00000, 0x00000000e3f00000, 0x00000000e4000000|  0%| F|  |TAMS 0x00000000e3f00000, 0x00000000e3f00000| Untracked 
|  64|0x00000000e4000000, 0x00000000e4000000, 0x00000000e4100000|  0%| F|  |TAMS 0x00000000e4000000, 0x00000000e4000000| Untracked 
|  65|0x00000000e4100000, 0x00000000e4100000, 0x00000000e4200000|  0%| F|  |TAMS 0x00000000e4100000, 0x00000000e4100000| Untracked 
|  66|0x00000000e4200000, 0x00000000e4200000, 0x00000000e4300000|  0%| F|  |TAMS 0x00000000e4200000, 0x00000000e4200000| Untracked 
|  67|0x00000000e4300000, 0x00000000e4300000, 0x00000000e4400000|  0%| F|  |TAMS 0x00000000e4300000, 0x00000000e4300000| Untracked 
|  68|0x00000000e4400000, 0x00000000e4400000, 0x00000000e4500000|  0%| F|  |TAMS 0x00000000e4400000, 0x00000000e4400000| Untracked 
|  69|0x00000000e4500000, 0x00000000e4500000, 0x00000000e4600000|  0%| F|  |TAMS 0x00000000e4500000, 0x00000000e4500000| Untracked 
|  70|0x00000000e4600000, 0x00000000e4600000, 0x00000000e4700000|  0%| F|  |TAMS 0x00000000e4600000, 0x00000000e4600000| Untracked 
|  71|0x00000000e4700000, 0x00000000e4700000, 0x00000000e4800000|  0%| F|  |TAMS 0x00000000e4700000, 0x00000000e4700000| Untracked 
|  72|0x00000000e4800000, 0x00000000e4800000, 0x00000000e4900000|  0%| F|  |TAMS 0x00000000e4800000, 0x00000000e4800000| Untracked 
|  73|0x00000000e4900000, 0x00000000e4900000, 0x00000000e4a00000|  0%| F|  |TAMS 0x00000000e4900000, 0x00000000e4900000| Untracked 
|  74|0x00000000e4a00000, 0x00000000e4a00000, 0x00000000e4b00000|  0%| F|  |TAMS 0x00000000e4a00000, 0x00000000e4a00000| Untracked 
|  75|0x00000000e4b00000, 0x00000000e4b00000, 0x00000000e4c00000|  0%| F|  |TAMS 0x00000000e4b00000, 0x00000000e4b00000| Untracked 
|  76|0x00000000e4c00000, 0x00000000e4c00000, 0x00000000e4d00000|  0%| F|  |TAMS 0x00000000e4c00000, 0x00000000e4c00000| Untracked 
|  77|0x00000000e4d00000, 0x00000000e4d00000, 0x00000000e4e00000|  0%| F|  |TAMS 0x00000000e4d00000, 0x00000000e4d00000| Untracked 
|  78|0x00000000e4e00000, 0x00000000e4e00000, 0x00000000e4f00000|  0%| F|  |TAMS 0x00000000e4e00000, 0x00000000e4e00000| Untracked 
|  79|0x00000000e4f00000, 0x00000000e4f00000, 0x00000000e5000000|  0%| F|  |TAMS 0x00000000e4f00000, 0x00000000e4f00000| Untracked 
|  80|0x00000000e5000000, 0x00000000e5000000, 0x00000000e5100000|  0%| F|  |TAMS 0x00000000e5000000, 0x00000000e5000000| Untracked 
|  81|0x00000000e5100000, 0x00000000e5100000, 0x00000000e5200000|  0%| F|  |TAMS 0x00000000e5100000, 0x00000000e5100000| Untracked 
|  82|0x00000000e5200000, 0x00000000e522bb58, 0x00000000e5300000| 17%| E|  |TAMS 0x00000000e5200000, 0x00000000e5200000| Complete 
|  83|0x00000000e5300000, 0x00000000e5400000, 0x00000000e5400000|100%| E|CS|TAMS 0x00000000e5300000, 0x00000000e5300000| Complete 
|  84|0x00000000e5400000, 0x00000000e5500000, 0x00000000e5500000|100%| E|CS|TAMS 0x00000000e5400000, 0x00000000e5400000| Complete 
|  85|0x00000000e5500000, 0x00000000e5600000, 0x00000000e5600000|100%| E|CS|TAMS 0x00000000e5500000, 0x00000000e5500000| Complete 
|  86|0x00000000e5600000, 0x00000000e5700000, 0x00000000e5700000|100%| E|CS|TAMS 0x00000000e5600000, 0x00000000e5600000| Complete 
|  87|0x00000000e5700000, 0x00000000e5800000, 0x00000000e5800000|100%| E|CS|TAMS 0x00000000e5700000, 0x00000000e5700000| Complete 
|  88|0x00000000e5800000, 0x00000000e5900000, 0x00000000e5900000|100%| E|CS|TAMS 0x00000000e5800000, 0x00000000e5800000| Complete 
|  89|0x00000000e5900000, 0x00000000e5a00000, 0x00000000e5a00000|100%| E|CS|TAMS 0x00000000e5900000, 0x00000000e5900000| Complete 
|  90|0x00000000e5a00000, 0x00000000e5b00000, 0x00000000e5b00000|100%| E|CS|TAMS 0x00000000e5a00000, 0x00000000e5a00000| Complete 
|  91|0x00000000e5b00000, 0x00000000e5c00000, 0x00000000e5c00000|100%| E|CS|TAMS 0x00000000e5b00000, 0x00000000e5b00000| Complete 
|  92|0x00000000e5c00000, 0x00000000e5d00000, 0x00000000e5d00000|100%| E|CS|TAMS 0x00000000e5c00000, 0x00000000e5c00000| Complete 
|  93|0x00000000e5d00000, 0x00000000e5e00000, 0x00000000e5e00000|100%| E|CS|TAMS 0x00000000e5d00000, 0x00000000e5d00000| Complete 
|  94|0x00000000e5e00000, 0x00000000e5f00000, 0x00000000e5f00000|100%| E|CS|TAMS 0x00000000e5e00000, 0x00000000e5e00000| Complete 
|  95|0x00000000e5f00000, 0x00000000e6000000, 0x00000000e6000000|100%| E|CS|TAMS 0x00000000e5f00000, 0x00000000e5f00000| Complete 
|  96|0x00000000e6000000, 0x00000000e6100000, 0x00000000e6100000|100%| E|CS|TAMS 0x00000000e6000000, 0x00000000e6000000| Complete 
|  97|0x00000000e6100000, 0x00000000e6200000, 0x00000000e6200000|100%| E|CS|TAMS 0x00000000e6100000, 0x00000000e6100000| Complete 
|  98|0x00000000e6200000, 0x00000000e6300000, 0x00000000e6300000|100%| E|CS|TAMS 0x00000000e6200000, 0x00000000e6200000| Complete 
|  99|0x00000000e6300000, 0x00000000e6400000, 0x00000000e6400000|100%| E|CS|TAMS 0x00000000e6300000, 0x00000000e6300000| Complete 
| 100|0x00000000e6400000, 0x00000000e6500000, 0x00000000e6500000|100%| E|CS|TAMS 0x00000000e6400000, 0x00000000e6400000| Complete 
| 101|0x00000000e6500000, 0x00000000e6600000, 0x00000000e6600000|100%| E|CS|TAMS 0x00000000e6500000, 0x00000000e6500000| Complete 
| 102|0x00000000e6600000, 0x00000000e6700000, 0x00000000e6700000|100%| E|CS|TAMS 0x00000000e6600000, 0x00000000e6600000| Complete 
| 103|0x00000000e6700000, 0x00000000e6800000, 0x00000000e6800000|100%| E|CS|TAMS 0x00000000e6700000, 0x00000000e6700000| Complete 
| 104|0x00000000e6800000, 0x00000000e6900000, 0x00000000e6900000|100%| E|CS|TAMS 0x00000000e6800000, 0x00000000e6800000| Complete 
| 105|0x00000000e6900000, 0x00000000e6a00000, 0x00000000e6a00000|100%| E|CS|TAMS 0x00000000e6900000, 0x00000000e6900000| Complete 
| 106|0x00000000e6a00000, 0x00000000e6b00000, 0x00000000e6b00000|100%| E|CS|TAMS 0x00000000e6a00000, 0x00000000e6a00000| Complete 
| 107|0x00000000e6b00000, 0x00000000e6c00000, 0x00000000e6c00000|100%| E|CS|TAMS 0x00000000e6b00000, 0x00000000e6b00000| Complete 
| 108|0x00000000e6c00000, 0x00000000e6d00000, 0x00000000e6d00000|100%| E|CS|TAMS 0x00000000e6c00000, 0x00000000e6c00000| Complete 
| 109|0x00000000e6d00000, 0x00000000e6e00000, 0x00000000e6e00000|100%| E|CS|TAMS 0x00000000e6d00000, 0x00000000e6d00000| Complete 
| 110|0x00000000e6e00000, 0x00000000e6f00000, 0x00000000e6f00000|100%| E|CS|TAMS 0x00000000e6e00000, 0x00000000e6e00000| Complete 
| 111|0x00000000e6f00000, 0x00000000e7000000, 0x00000000e7000000|100%| E|CS|TAMS 0x00000000e6f00000, 0x00000000e6f00000| Complete 
| 112|0x00000000e7000000, 0x00000000e7100000, 0x00000000e7100000|100%| E|CS|TAMS 0x00000000e7000000, 0x00000000e7000000| Complete 
| 113|0x00000000e7100000, 0x00000000e7200000, 0x00000000e7200000|100%| E|CS|TAMS 0x00000000e7100000, 0x00000000e7100000| Complete 
| 114|0x00000000e7200000, 0x00000000e7300000, 0x00000000e7300000|100%| E|CS|TAMS 0x00000000e7200000, 0x00000000e7200000| Complete 
| 115|0x00000000e7300000, 0x00000000e7400000, 0x00000000e7400000|100%| E|CS|TAMS 0x00000000e7300000, 0x00000000e7300000| Complete 
| 116|0x00000000e7400000, 0x00000000e7500000, 0x00000000e7500000|100%| E|CS|TAMS 0x00000000e7400000, 0x00000000e7400000| Complete 
| 117|0x00000000e7500000, 0x00000000e7600000, 0x00000000e7600000|100%| E|CS|TAMS 0x00000000e7500000, 0x00000000e7500000| Complete 
| 118|0x00000000e7600000, 0x00000000e7700000, 0x00000000e7700000|100%| E|CS|TAMS 0x00000000e7600000, 0x00000000e7600000| Complete 
| 119|0x00000000e7700000, 0x00000000e7800000, 0x00000000e7800000|100%| E|CS|TAMS 0x00000000e7700000, 0x00000000e7700000| Complete 
| 120|0x00000000e7800000, 0x00000000e7900000, 0x00000000e7900000|100%| E|CS|TAMS 0x00000000e7800000, 0x00000000e7800000| Complete 
| 121|0x00000000e7900000, 0x00000000e7a00000, 0x00000000e7a00000|100%| E|CS|TAMS 0x00000000e7900000, 0x00000000e7900000| Complete 
| 122|0x00000000e7a00000, 0x00000000e7b00000, 0x00000000e7b00000|100%| E|CS|TAMS 0x00000000e7a00000, 0x00000000e7a00000| Complete 
| 123|0x00000000e7b00000, 0x00000000e7c00000, 0x00000000e7c00000|100%| E|CS|TAMS 0x00000000e7b00000, 0x00000000e7b00000| Complete 
| 124|0x00000000e7c00000, 0x00000000e7d00000, 0x00000000e7d00000|100%| E|CS|TAMS 0x00000000e7c00000, 0x00000000e7c00000| Complete 
| 125|0x00000000e7d00000, 0x00000000e7e00000, 0x00000000e7e00000|100%| E|CS|TAMS 0x00000000e7d00000, 0x00000000e7d00000| Complete 
| 126|0x00000000e7e00000, 0x00000000e7f00000, 0x00000000e7f00000|100%| E|CS|TAMS 0x00000000e7e00000, 0x00000000e7e00000| Complete 
| 127|0x00000000e7f00000, 0x00000000e8000000, 0x00000000e8000000|100%| E|CS|TAMS 0x00000000e7f00000, 0x00000000e7f00000| Complete 

Card table byte_map: [0x00000170eb2e0000,0x00000170eb3e0000] _byte_map_base: 0x00000170eabe0000

Marking Bits (Prev, Next): (CMBitMap*) 0x00000170d387bbc0, (CMBitMap*) 0x00000170d387bb88
 Prev Bits: [0x00000170ebce0000, 0x00000170ec4e0000)
 Next Bits: [0x00000170eb4e0000, 0x00000170ebce0000)

Polling page: 0x00000170d21c0000

Metaspace:

Usage:
  Non-class:     28.70 MB capacity,    28.01 MB ( 98%) used,   571.54 KB (  2%) free+waste,   132.63 KB ( <1%) overhead. 
      Class:      4.25 MB capacity,     3.74 MB ( 88%) used,   454.61 KB ( 10%) free+waste,    64.75 KB (  1%) overhead. 
       Both:     32.95 MB capacity,    31.75 MB ( 96%) used,     1.00 MB (  3%) free+waste,   197.38 KB ( <1%) overhead. 

Virtual space:
  Non-class space:       30.00 MB reserved,      28.75 MB ( 96%) committed 
      Class space:        1.00 GB reserved,       4.25 MB ( <1%) committed 
             Both:        1.03 GB reserved,      33.00 MB (  3%) committed 

Chunk freelists:
   Non-Class:  6.38 KB
       Class:  384 bytes
        Both:  6.75 KB

CodeHeap 'non-profiled nmethods': size=120064Kb used=2059Kb max_used=2059Kb free=118004Kb
 bounds [0x00000170e3680000, 0x00000170e38f0000, 0x00000170eabc0000]
CodeHeap 'profiled nmethods': size=120000Kb used=7738Kb max_used=7738Kb free=112261Kb
 bounds [0x00000170dc150000, 0x00000170dc8f0000, 0x00000170e3680000]
CodeHeap 'non-nmethods': size=5696Kb used=1317Kb max_used=1356Kb free=4378Kb
 bounds [0x00000170dbbc0000, 0x00000170dbe30000, 0x00000170dc150000]
 total_blobs=5309 nmethods=3621 adapters=645
 compilation: enabled
              stopped_count=0, restarted_count=0
 full_count=0

Compilation events (10 events):
Event: 5.944 Thread 0x00000170eeb11800 3817       3       com.sun.marlin.DRenderer::copyAARow (198 bytes)
Event: 5.945 Thread 0x00000170eeb11800 nmethod 3817 0x00000170dc8df490 code [0x00000170dc8df6c0, 0x00000170dc8dfca0]
Event: 5.945 Thread 0x00000170eeb11800 3818       3       com.sun.prism.sw.SWContext$DirectRTMarlinAlphaConsumer::setAndClearRelativeAlphas (135 bytes)
Event: 5.945 Thread 0x00000170eeb11800 nmethod 3818 0x00000170dc8e0010 code [0x00000170dc8e0200, 0x00000170dc8e05c0]
Event: 5.947 Thread 0x00000170eeb11800 3821       3       com.sun.pisces.GradientColorMap::getColorAA (245 bytes)
Event: 5.948 Thread 0x00000170eeb11800 nmethod 3821 0x00000170dc8e0810 code [0x00000170dc8e0a60, 0x00000170dc8e12e0]
Event: 5.949 Thread 0x00000170eeb11800 3822       3       com.sun.pisces.GradientColorMap::accumColor (176 bytes)
Event: 5.949 Thread 0x00000170eeb11800 nmethod 3822 0x00000170dc8e1890 code [0x00000170dc8e1aa0, 0x00000170dc8e2000]
Event: 5.952 Thread 0x00000170eeb0a000 nmethod 3797 0x00000170e3879b90 code [0x00000170e3879e40, 0x00000170e387bce8]
Event: 5.953 Thread 0x00000170eeb0a000 3811       4       org.jacoco.agent.rt.internal_28bab1d.asm.Type::getArgumentsAndReturnSizes (138 bytes)

GC Heap History (10 events):
Event: 2.215 GC heap before
{Heap before GC invocations=1 (full 0):
 garbage-first heap   total 131072K, used 80317K [0x00000000e0000000, 0x0000000100000000)
  region size 1024K, 76 young (77824K), 2 survivors (2048K)
 Metaspace       used 16199K, capacity 16570K, committed 16768K, reserved 1064960K
  class space    used 1676K, capacity 1809K, committed 1920K, reserved 1048576K
}
Event: 2.271 GC heap after
{Heap after GC invocations=2 (full 0):
 garbage-first heap   total 131072K, used 6429K [0x00000000e0000000, 0x0000000100000000)
  region size 1024K, 4 young (4096K), 4 survivors (4096K)
 Metaspace       used 16199K, capacity 16570K, committed 16768K, reserved 1064960K
  class space    used 1676K, capacity 1809K, committed 1920K, reserved 1048576K
}
Event: 2.818 GC heap before
{Heap before GC invocations=2 (full 0):
 garbage-first heap   total 131072K, used 80157K [0x00000000e0000000, 0x0000000100000000)
  region size 1024K, 76 young (77824K), 4 survivors (4096K)
 Metaspace       used 17314K, capacity 17734K, committed 17792K, reserved 1064960K
  class space    used 1756K, capacity 1889K, committed 1920K, reserved 1048576K
}
Event: 2.824 GC heap after
{Heap after GC invocations=3 (full 0):
 garbage-first heap   total 131072K, used 7126K [0x00000000e0000000, 0x0000000100000000)
  region size 1024K, 5 young (5120K), 5 survivors (5120K)
 Metaspace       used 17314K, capacity 17734K, committed 17792K, reserved 1064960K
  class space    used 1756K, capacity 1889K, committed 1920K, reserved 1048576K
}
Event: 3.578 GC heap before
{Heap before GC invocations=3 (full 0):
 garbage-first heap   total 131072K, used 57302K [0x00000000e0000000, 0x0000000100000000)
  region size 1024K, 56 young (57344K), 5 survivors (5120K)
 Metaspace       used 20406K, capacity 21064K, committed 21248K, reserved 1069056K
  class space    used 2157K, capacity 2437K, committed 2560K, reserved 1048576K
}
Event: 3.587 GC heap after
{Heap after GC invocations=4 (full 0):
 garbage-first heap   total 131072K, used 8469K [0x00000000e0000000, 0x0000000100000000)
  region size 1024K, 6 young (6144K), 6 survivors (6144K)
 Metaspace       used 20406K, capacity 21064K, committed 21248K, reserved 1069056K
  class space    used 2157K, capacity 2437K, committed 2560K, reserved 1048576K
}
Event: 4.286 GC heap before
{Heap before GC invocations=5 (full 0):
 garbage-first heap   total 131072K, used 84245K [0x00000000e0000000, 0x0000000100000000)
  region size 1024K, 76 young (77824K), 6 survivors (6144K)
 Metaspace       used 24347K, capacity 25183K, committed 25344K, reserved 1071104K
  class space    used 2712K, capacity 3070K, committed 3072K, reserved 1048576K
}
Event: 4.293 GC heap after
{Heap after GC invocations=6 (full 0):
 garbage-first heap   total 131072K, used 13433K [0x00000000e0000000, 0x0000000100000000)
  region size 1024K, 5 young (5120K), 5 survivors (5120K)
 Metaspace       used 24347K, capacity 25183K, committed 25344K, reserved 1071104K
  class space    used 2712K, capacity 3070K, committed 3072K, reserved 1048576K
}
Event: 5.239 GC heap before
{Heap before GC invocations=6 (full 0):
 garbage-first heap   total 131072K, used 86137K [0x00000000e0000000, 0x0000000100000000)
  region size 1024K, 76 young (77824K), 5 survivors (5120K)
 Metaspace       used 28958K, capacity 29881K, committed 30080K, reserved 1075200K
  class space    used 3314K, capacity 3697K, committed 3712K, reserved 1048576K
}
Event: 5.247 GC heap after
{Heap after GC invocations=7 (full 0):
 garbage-first heap   total 131072K, used 16144K [0x00000000e0000000, 0x0000000100000000)
  region size 1024K, 8 young (8192K), 8 survivors (8192K)
 Metaspace       used 28958K, capacity 29881K, committed 30080K, reserved 1075200K
  class space    used 3314K, capacity 3697K, committed 3712K, reserved 1048576K
}

Deoptimization events (10 events):
Event: 5.062 Thread 0x00000170f17c2800 Uncommon trap: reason=class_check action=maybe_recompile pc=0x00000170e368af5c method=java.lang.String.equals(Ljava/lang/Object;)Z @ 8 c2
Event: 5.062 Thread 0x00000170f17c2800 Uncommon trap: reason=class_check action=maybe_recompile pc=0x00000170e368af5c method=java.lang.String.equals(Ljava/lang/Object;)Z @ 8 c2
Event: 5.062 Thread 0x00000170f17c2800 Uncommon trap: reason=class_check action=maybe_recompile pc=0x00000170e368af5c method=java.lang.String.equals(Ljava/lang/Object;)Z @ 8 c2
Event: 5.200 Thread 0x00000170f17c2800 Uncommon trap: reason=class_check action=maybe_recompile pc=0x00000170e368af5c method=java.lang.String.equals(Ljava/lang/Object;)Z @ 8 c2
Event: 5.308 Thread 0x00000170f17c2800 Uncommon trap: reason=unstable_if action=reinterpret pc=0x00000170e36e0200 method=org.jacoco.agent.rt.internal_28bab1d.asm.ClassReader.readVerificationTypeInfo(I[Ljava/lang/Object;I[C[Lorg/jacoco/agent/rt/internal_28bab1d/asm/Label;)I @ 21 c2
Event: 5.688 Thread 0x00000170f17c2800 Uncommon trap: reason=unstable_if action=reinterpret pc=0x00000170e3844054 method=java.net.URL.<init>(Ljava/net/URL;Ljava/lang/String;Ljava/net/URLStreamHandler;)V @ 347 c2
Event: 5.691 Thread 0x00000170f17c2800 Uncommon trap: reason=unstable_if action=reinterpret pc=0x00000170e378823c method=java.util.ArrayList.equalsRange(Ljava/util/List;II)Z @ 76 c2
Event: 5.694 Thread 0x00000170f17c2800 Uncommon trap: reason=unstable_if action=reinterpret pc=0x00000170e378787c method=java.util.ArrayList.equalsRange(Ljava/util/List;II)Z @ 76 c2
Event: 5.694 Thread 0x00000170f17c2800 Uncommon trap: reason=unstable_if action=reinterpret pc=0x00000170e376ad48 method=java.util.ArrayList.equalsRange(Ljava/util/List;II)Z @ 76 c2
Event: 5.783 Thread 0x00000170f17c2800 Uncommon trap: reason=unstable_if action=reinterpret pc=0x00000170e37dd674 method=jdk.internal.org.objectweb.asm.Type.getArgumentsAndReturnSizes(Ljava/lang/String;)I @ 47 c2

Classes redefined (0 events):
No events

Internal exceptions (10 events):
Event: 4.058 Thread 0x00000170f17c2800 Exception <a 'java/lang/NullPointerException'{0x00000000e5214300}> (0x00000000e5214300) thrown at [t:/workspace/open/src/hotspot/share/prims/jvm.cpp, line 1300]
Event: 4.148 Thread 0x00000170f17c2800 Exception <a 'java/lang/NoSuchMethodError'{0x00000000e42766d8}: java.lang.invoke.DirectMethodHandle$Holder.invokeSpecial(Ljava/lang/Object;Ljava/lang/Object;Ljava/lang/Object;ILjava/lang/Object;)Ljava/lang/Object;> (0x00000000e42766d8) thrown at [t:/works
Event: 4.149 Thread 0x00000170f17c2800 Exception <a 'java/lang/NoSuchMethodError'{0x00000000e4280678}: java.lang.invoke.Invokers$Holder.linkToTargetMethod(Ljava/lang/Object;ILjava/lang/Object;Ljava/lang/Object;)Ljava/lang/Object;> (0x00000000e4280678) thrown at [t:/workspace/open/src/hotspot/s
Event: 4.485 Thread 0x00000170f17c2800 Exception <a 'java/lang/NoSuchMethodError'{0x00000000e7120ba0}: java.lang.invoke.DirectMethodHandle$Holder.invokeStaticInit(Ljava/lang/Object;Ljava/lang/Object;)V> (0x00000000e7120ba0) thrown at [t:/workspace/open/src/hotspot/share/interpreter/linkResolve
Event: 5.120 Thread 0x00000170f17c2800 Exception <a 'java/lang/NoSuchMethodError'{0x00000000e3f64878}: java.lang.invoke.Invokers$Holder.linkToTargetMethod(Ljava/lang/Object;ILjava/lang/Object;)Ljava/lang/Object;> (0x00000000e3f64878) thrown at [t:/workspace/open/src/hotspot/share/interpreter/l
Event: 5.156 Thread 0x00000170f17c2800 Exception <a 'java/lang/IncompatibleClassChangeError'{0x00000000e3dbc430}: Found class java.lang.Object, but interface was expected> (0x00000000e3dbc430) thrown at [t:/workspace/open/src/hotspot/share/interpreter/linkResolver.cpp, line 838]
Event: 5.686 Thread 0x00000170f078f800 Exception <a 'java/lang/NoSuchMethodError'{0x00000000e68ae3b8}: java.lang.invoke.DirectMethodHandle$Holder.invokeVirtual(Ljava/lang/Object;Ljava/lang/Object;)V> (0x00000000e68ae3b8) thrown at [t:/workspace/open/src/hotspot/share/interpreter/linkResolver.c
Event: 5.783 Thread 0x00000170f17c2800 Exception <a 'java/lang/NoSuchMethodError'{0x00000000e6081418}: java.lang.invoke.DirectMethodHandle$Holder.invokeStaticInit(Ljava/lang/Object;Ljava/lang/Object;Ljava/lang/Object;)J> (0x00000000e6081418) thrown at [t:/workspace/open/src/hotspot/share/inter
Event: 5.789 Thread 0x00000170f17c2800 Exception <a 'java/lang/NoSuchMethodError'{0x00000000e6099918}: java.lang.invoke.DirectMethodHandle$Holder.invokeStatic(Ljava/lang/Object;Ljava/lang/Object;J)Ljava/lang/Object;> (0x00000000e6099918) thrown at [t:/workspace/open/src/hotspot/share/interpret
Event: 5.790 Thread 0x00000170f17c2800 Exception <a 'java/lang/NoSuchMethodError'{0x00000000e609fa90}: java.lang.invoke.Invokers$Holder.linkToTargetMethod(Ljava/lang/Object;JLjava/lang/Object;)Ljava/lang/Object;> (0x00000000e609fa90) thrown at [t:/workspace/open/src/hotspot/share/interpreter/l

Events (10 events):
Event: 5.934 loading class com/sun/scenario/effect/impl/ImagePool$1
Event: 5.934 loading class com/sun/scenario/effect/impl/ImagePool$1 done
Event: 5.936 loading class com/sun/scenario/effect/ImageData$1
Event: 5.936 loading class com/sun/scenario/effect/ImageData$1 done
Event: 5.938 loading class com/sun/javafx/geom/transform/Affine3D$1
Event: 5.938 loading class com/sun/javafx/geom/transform/Affine3D$1 done
Event: 5.939 loading class com/sun/scenario/effect/impl/prism/PrEffectHelper
Event: 5.939 loading class com/sun/scenario/effect/impl/prism/PrEffectHelper done
Event: 5.955 loading class com/sun/javafx/font/directwrite/IWICImagingFactory
Event: 5.955 loading class com/sun/javafx/font/directwrite/IWICImagingFactory done


Dynamic libraries:
0x00007ff7579c0000 - 0x00007ff757a07000 	C:\Program Files\Java\jdk-11.0.5\bin\java.exe
0x00007fff45e50000 - 0x00007fff46046000 	C:\WINDOWS\SYSTEM32\ntdll.dll
0x00007fff44cc0000 - 0x00007fff44d7d000 	C:\WINDOWS\System32\KERNEL32.DLL
0x00007fff43a70000 - 0x00007fff43d38000 	C:\WINDOWS\System32\KERNELBASE.dll
0x00007fff44ec0000 - 0x00007fff44f6a000 	C:\WINDOWS\System32\ADVAPI32.dll
0x00007fff44730000 - 0x00007fff447ce000 	C:\WINDOWS\System32\msvcrt.dll
0x00007fff444c0000 - 0x00007fff4455b000 	C:\WINDOWS\System32\sechost.dll
0x00007fff44260000 - 0x00007fff44384000 	C:\WINDOWS\System32\RPCRT4.dll
0x00007fff440c0000 - 0x00007fff44260000 	C:\WINDOWS\System32\USER32.dll
0x00007fff43d40000 - 0x00007fff43d62000 	C:\WINDOWS\System32\win32u.dll
0x00007fff44560000 - 0x00007fff4458a000 	C:\WINDOWS\System32\GDI32.dll
0x00007fff435a0000 - 0x00007fff436a9000 	C:\WINDOWS\System32\gdi32full.dll
0x00007fff43e20000 - 0x00007fff43ebd000 	C:\WINDOWS\System32\msvcp_win.dll
0x00007fff43920000 - 0x00007fff43a20000 	C:\WINDOWS\System32\ucrtbase.dll
0x00007fff30320000 - 0x00007fff305bb000 	C:\WINDOWS\WinSxS\amd64_microsoft.windows.common-controls_6595b64144ccf1df_6.0.19041.488_none_ca04af081b815d21\COMCTL32.dll
0x00007fff34a10000 - 0x00007fff34a1a000 	C:\WINDOWS\SYSTEM32\VERSION.dll
0x00007fff44e30000 - 0x00007fff44e60000 	C:\WINDOWS\System32\IMM32.DLL
0x00007fff3d240000 - 0x00007fff3d256000 	C:\Program Files\Java\jdk-11.0.5\bin\vcruntime140.dll
0x00007fff28650000 - 0x00007fff286fa000 	C:\Program Files\Java\jdk-11.0.5\bin\msvcp140.dll
0x00007ffee77b0000 - 0x00007ffee82d8000 	C:\Program Files\Java\jdk-11.0.5\bin\server\jvm.dll
0x00007fff43ec0000 - 0x00007fff43ec8000 	C:\WINDOWS\System32\PSAPI.DLL
0x00007fff2b140000 - 0x00007fff2b149000 	C:\WINDOWS\SYSTEM32\WSOCK32.dll
0x00007fff447e0000 - 0x00007fff4484b000 	C:\WINDOWS\System32\WS2_32.dll
0x00007fff336b0000 - 0x00007fff336d7000 	C:\WINDOWS\SYSTEM32\WINMM.dll
0x00007fff41e90000 - 0x00007fff41ea2000 	C:\WINDOWS\SYSTEM32\kernel.appcore.dll
0x00007fff32870000 - 0x00007fff32881000 	C:\Program Files\Java\jdk-11.0.5\bin\verify.dll
0x00007fff41b60000 - 0x00007fff41d44000 	C:\WINDOWS\SYSTEM32\DBGHELP.DLL
0x00007fff2f1e0000 - 0x00007fff2f20c000 	C:\WINDOWS\SYSTEM32\dbgcore.DLL
0x00007fff436b0000 - 0x00007fff4372f000 	C:\WINDOWS\System32\bcryptPrimitives.dll
0x00007fff29c50000 - 0x00007fff29c79000 	C:\Program Files\Java\jdk-11.0.5\bin\java.dll
0x00007fff3d640000 - 0x00007fff3d66f000 	C:\Program Files\Java\jdk-11.0.5\bin\instrument.dll
0x00007fff31360000 - 0x00007fff31376000 	C:\Program Files\Java\jdk-11.0.5\bin\zip.dll
0x00007fff32c90000 - 0x00007fff32c9a000 	C:\Program Files\Java\jdk-11.0.5\bin\jimage.dll
0x00007fff44f70000 - 0x00007fff456b0000 	C:\WINDOWS\System32\SHELL32.dll
0x00007fff412f0000 - 0x00007fff41a84000 	C:\WINDOWS\SYSTEM32\windows.storage.dll
0x00007fff45900000 - 0x00007fff45c55000 	C:\WINDOWS\System32\combase.dll
0x00007fff42f40000 - 0x00007fff42f6c000 	C:\WINDOWS\SYSTEM32\Wldp.dll
0x00007fff43f30000 - 0x00007fff43fde000 	C:\WINDOWS\System32\SHCORE.dll
0x00007fff44e60000 - 0x00007fff44eb5000 	C:\WINDOWS\System32\shlwapi.dll
0x00007fff434d0000 - 0x00007fff434f6000 	C:\WINDOWS\SYSTEM32\profapi.dll
0x00007fff29c30000 - 0x00007fff29c49000 	C:\Program Files\Java\jdk-11.0.5\bin\net.dll
0x00007fff39730000 - 0x00007fff39830000 	C:\WINDOWS\SYSTEM32\WINHTTP.dll
0x00007fff42d30000 - 0x00007fff42d9a000 	C:\WINDOWS\system32\mswsock.dll
0x00007fff298a0000 - 0x00007fff298b3000 	C:\Program Files\Java\jdk-11.0.5\bin\nio.dll
0x00007fff24050000 - 0x00007fff24067000 	C:\WINDOWS\system32\napinsp.dll
0x00007fff24540000 - 0x00007fff2455b000 	C:\WINDOWS\system32\pnrpnsp.dll
0x00007fff24520000 - 0x00007fff24535000 	C:\WINDOWS\system32\wshbth.dll
0x00007fff3e410000 - 0x00007fff3e42d000 	C:\WINDOWS\system32\NLAapi.dll
0x00007fff429f0000 - 0x00007fff42a2b000 	C:\WINDOWS\SYSTEM32\IPHLPAPI.DLL
0x00007fff42a30000 - 0x00007fff42afb000 	C:\WINDOWS\SYSTEM32\DNSAPI.dll
0x00007fff45840000 - 0x00007fff45849000 	C:\WINDOWS\System32\NSI.dll
0x00007fff24600000 - 0x00007fff24612000 	C:\WINDOWS\System32\winrnr.dll
0x00007fff34010000 - 0x00007fff3401a000 	C:\Windows\System32\rasadhlp.dll
0x00007fff391b0000 - 0x00007fff3922f000 	C:\WINDOWS\System32\fwpuclnt.dll
0x00007fff43790000 - 0x00007fff437b7000 	C:\WINDOWS\System32\bcrypt.dll
0x00007fff42f80000 - 0x00007fff42f98000 	C:\WINDOWS\SYSTEM32\CRYPTSP.dll
0x00007fff42670000 - 0x00007fff426a4000 	C:\WINDOWS\system32\rsaenh.dll
0x00007fff43490000 - 0x00007fff434be000 	C:\WINDOWS\SYSTEM32\USERENV.dll
0x00007fff42eb0000 - 0x00007fff42ebc000 	C:\WINDOWS\SYSTEM32\CRYPTBASE.dll
0x00007fff3a0c0000 - 0x00007fff3a0d7000 	C:\WINDOWS\SYSTEM32\dhcpcsvc6.DLL
0x00007fff396d0000 - 0x00007fff396ed000 	C:\WINDOWS\SYSTEM32\dhcpcsvc.DLL
0x00000170f2b10000 - 0x00000170f2b13000 	C:\Program Files\Java\jdk-11.0.5\bin\api-ms-win-core-console-l1-1-0.dll
0x00000170f2b20000 - 0x00000170f2b23000 	C:\Program Files\Java\jdk-11.0.5\bin\api-ms-win-core-datetime-l1-1-0.dll
0x00000170f2b30000 - 0x00000170f2b33000 	C:\Program Files\Java\jdk-11.0.5\bin\api-ms-win-core-debug-l1-1-0.dll
0x00000170f2b40000 - 0x00000170f2b43000 	C:\Program Files\Java\jdk-11.0.5\bin\api-ms-win-core-errorhandling-l1-1-0.dll
0x00000170f3b20000 - 0x00000170f3b24000 	C:\Program Files\Java\jdk-11.0.5\bin\api-ms-win-core-file-l1-1-0.dll
0x00000170f3b30000 - 0x00000170f3b33000 	C:\Program Files\Java\jdk-11.0.5\bin\api-ms-win-core-file-l1-2-0.dll
0x00000170f3b40000 - 0x00000170f3b43000 	C:\Program Files\Java\jdk-11.0.5\bin\api-ms-win-core-file-l2-1-0.dll
0x00000170f3b50000 - 0x00000170f3b53000 	C:\Program Files\Java\jdk-11.0.5\bin\api-ms-win-core-handle-l1-1-0.dll
0x00000170f3b60000 - 0x00000170f3b63000 	C:\Program Files\Java\jdk-11.0.5\bin\api-ms-win-core-heap-l1-1-0.dll
0x00000170f3b70000 - 0x00000170f3b73000 	C:\Program Files\Java\jdk-11.0.5\bin\api-ms-win-core-interlocked-l1-1-0.dll
0x00000170f3b80000 - 0x00000170f3b83000 	C:\Program Files\Java\jdk-11.0.5\bin\api-ms-win-core-libraryloader-l1-1-0.dll
0x00000170f3b90000 - 0x00000170f3b93000 	C:\Program Files\Java\jdk-11.0.5\bin\api-ms-win-core-localization-l1-2-0.dll
0x00000170f3ba0000 - 0x00000170f3ba3000 	C:\Program Files\Java\jdk-11.0.5\bin\api-ms-win-core-memory-l1-1-0.dll
0x00000170f3bb0000 - 0x00000170f3bb3000 	C:\Program Files\Java\jdk-11.0.5\bin\api-ms-win-core-namedpipe-l1-1-0.dll
0x00000170f3bc0000 - 0x00000170f3bc3000 	C:\Program Files\Java\jdk-11.0.5\bin\api-ms-win-core-processenvironment-l1-1-0.dll
0x00000170f3bd0000 - 0x00000170f3bd3000 	C:\Program Files\Java\jdk-11.0.5\bin\api-ms-win-core-processthreads-l1-1-0.dll
0x00000170f3be0000 - 0x00000170f3be3000 	C:\Program Files\Java\jdk-11.0.5\bin\api-ms-win-core-processthreads-l1-1-1.dll
0x00000170f3bf0000 - 0x00000170f3bf3000 	C:\Program Files\Java\jdk-11.0.5\bin\api-ms-win-core-profile-l1-1-0.dll
0x00000170f3c00000 - 0x00000170f3c03000 	C:\Program Files\Java\jdk-11.0.5\bin\api-ms-win-core-rtlsupport-l1-1-0.dll
0x00000170f3c10000 - 0x00000170f3c13000 	C:\Program Files\Java\jdk-11.0.5\bin\api-ms-win-core-string-l1-1-0.dll
0x00000170f3c20000 - 0x00000170f3c23000 	C:\Program Files\Java\jdk-11.0.5\bin\api-ms-win-core-synch-l1-1-0.dll
0x00000170f3c30000 - 0x00000170f3c33000 	C:\Program Files\Java\jdk-11.0.5\bin\api-ms-win-core-synch-l1-2-0.dll
0x00000170f3c40000 - 0x00000170f3c43000 	C:\Program Files\Java\jdk-11.0.5\bin\api-ms-win-core-sysinfo-l1-1-0.dll
0x00000170f3c50000 - 0x00000170f3c53000 	C:\Program Files\Java\jdk-11.0.5\bin\api-ms-win-core-timezone-l1-1-0.dll
0x00000170f3c60000 - 0x00000170f3c63000 	C:\Program Files\Java\jdk-11.0.5\bin\api-ms-win-core-util-l1-1-0.dll
0x00000170f3c70000 - 0x00000170f3c73000 	C:\Program Files\Java\jdk-11.0.5\bin\api-ms-win-crt-conio-l1-1-0.dll
0x00000170f3c80000 - 0x00000170f3c84000 	C:\Program Files\Java\jdk-11.0.5\bin\api-ms-win-crt-convert-l1-1-0.dll
0x00000170f3c90000 - 0x00000170f3c93000 	C:\Program Files\Java\jdk-11.0.5\bin\api-ms-win-crt-environment-l1-1-0.dll
0x00000170f3ca0000 - 0x00000170f3ca3000 	C:\Program Files\Java\jdk-11.0.5\bin\api-ms-win-crt-filesystem-l1-1-0.dll
0x00000170f3cb0000 - 0x00000170f3cb3000 	C:\Program Files\Java\jdk-11.0.5\bin\api-ms-win-crt-heap-l1-1-0.dll
0x00000170f3cc0000 - 0x00000170f3cc3000 	C:\Program Files\Java\jdk-11.0.5\bin\api-ms-win-crt-locale-l1-1-0.dll
0x00000170f3cd0000 - 0x00000170f3cd5000 	C:\Program Files\Java\jdk-11.0.5\bin\api-ms-win-crt-math-l1-1-0.dll
0x00000170f4eb0000 - 0x00000170f4eb5000 	C:\Program Files\Java\jdk-11.0.5\bin\api-ms-win-crt-multibyte-l1-1-0.dll
0x00000170f4ec0000 - 0x00000170f4ed0000 	C:\Program Files\Java\jdk-11.0.5\bin\api-ms-win-crt-private-l1-1-0.dll
0x00000170f4ed0000 - 0x00000170f4ed3000 	C:\Program Files\Java\jdk-11.0.5\bin\api-ms-win-crt-process-l1-1-0.dll
0x00000170f4ee0000 - 0x00000170f4ee4000 	C:\Program Files\Java\jdk-11.0.5\bin\api-ms-win-crt-runtime-l1-1-0.dll
0x00000170f4ef0000 - 0x00000170f4ef4000 	C:\Program Files\Java\jdk-11.0.5\bin\api-ms-win-crt-stdio-l1-1-0.dll
0x00000170f4f00000 - 0x00000170f4f04000 	C:\Program Files\Java\jdk-11.0.5\bin\api-ms-win-crt-string-l1-1-0.dll
0x00000170f4f10000 - 0x00000170f4f13000 	C:\Program Files\Java\jdk-11.0.5\bin\api-ms-win-crt-time-l1-1-0.dll
0x00000170f4f20000 - 0x00000170f4f23000 	C:\Program Files\Java\jdk-11.0.5\bin\api-ms-win-crt-utility-l1-1-0.dll
0x00007fff2aec0000 - 0x00007fff2afb6000 	C:\Program Files\Java\jdk-11.0.5\bin\ucrtbase.dll
0x00007fff32900000 - 0x00007fff32951000 	C:\Windows\System32\concrt140.dll
0x00007fff3e610000 - 0x00007fff3e62c000 	C:\Users\KenGondor\.openjfx\cache\11\prism_sw.dll
0x00007fff326b0000 - 0x00007fff326c4000 	C:\Users\KenGondor\.openjfx\cache\11\javafx_font.dll
0x00007fff44390000 - 0x00007fff444ba000 	C:\WINDOWS\System32\ole32.dll
0x00007fff40070000 - 0x00007fff4010f000 	C:\WINDOWS\system32\uxtheme.dll
0x00007fff20160000 - 0x00007fff203df000 	C:\WINDOWS\SYSTEM32\dwrite.dll
0x00007fff31340000 - 0x00007fff31358000 	C:\Users\KenGondor\.openjfx\cache\11\decora_sse.dll
0x00007fff45850000 - 0x00007fff458f9000 	C:\WINDOWS\System32\clbcatq.dll

dbghelp: loaded successfully - version: 4.0.5 - missing functions: none
symbol engine: initialized successfully - sym options: 0x614 - pdb path: .;C:\Program Files\Java\jdk-11.0.5\bin;C:\WINDOWS\SYSTEM32;C:\WINDOWS\WinSxS\amd64_microsoft.windows.common-controls_6595b64144ccf1df_6.0.19041.488_none_ca04af081b815d21;C:\Program Files\Java\jdk-11.0.5\bin\server;C:\Users\KenGondor\.openjfx\cache\11

VM Arguments:
jvm_args: -Dheadless=true -Dorg.gradle.native=false -Dtestfx.setup.timeout=60000 -javaagent:build/tmp/expandedArchives/org.jacoco.agent-0.8.2.jar_2aca8b620b19ecd063f63feff8caaa38/jacocoagent.jar=destfile=build/jacoco/test.exec,append=true,inclnolocationclasses=false,dumponexit=true,output=file,jmx=false -Xmx512m -Dfile.encoding=UTF-8 -Duser.country=SG -Duser.language=en -Duser.variant -ea 
java_command: worker.org.gradle.process.internal.worker.GradleWorkerMain 'Gradle Test Executor 4'
java_class_path (initial): C:\Users\KenGondor\.gradle\caches\5.2.1\workerMain\gradle-worker.jar;C:\Users\KenGondor\Documents\CS2103T Software\tp\build\classes\java\test;C:\Users\KenGondor\Documents\CS2103T Software\tp\build\resources\test;C:\Users\KenGondor\Documents\CS2103T Software\tp\build\classes\java\main;C:\Users\KenGondor\Documents\CS2103T Software\tp\build\resources\main;C:\Users\KenGondor\.gradle\caches\modules-2\files-2.1\org.openjfx\javafx-fxml\11\d5ff9262ef49d166db658d15f37e3ecff38fde4b\javafx-fxml-11-win.jar;C:\Users\KenGondor\.gradle\caches\modules-2\files-2.1\org.openjfx\javafx-fxml\11\e0f5bb81e21054b59f2ebfa727d40a90ee0260d3\javafx-fxml-11-mac.jar;C:\Users\KenGondor\.gradle\caches\modules-2\files-2.1\org.openjfx\javafx-fxml\11\e7a757b580fc3e2e1a121768606c7836eef418c\javafx-fxml-11-linux.jar;C:\Users\KenGondor\.gradle\caches\modules-2\files-2.1\org.testfx\openjfx-monocle\jdk-11+26\7a988f4e2a6db0b3a17baacea6e102df86a3d375\openjfx-monocle-jdk-11+26.jar;C:\Users\KenGondor\.gradle\caches\modules-2\files-2.1\org.openjfx\javafx-controls\11\af8d24de44e16a19ae959028eb23a48c145fb682\javafx-controls-11-win.jar;C:\Users\KenGondor\.gradle\caches\modules-2\files-2.1\org.openjfx\javafx-controls\11\e3a24a14e8732abc6dc173f15872dc63e2a32e16\javafx-controls-11-mac.jar;C:\Users\KenGondor\.gradle\caches\modules-2\files-2.1\org.openjfx\javafx-controls\11\794488e3b1f4635d9a1b842bdc872a5eb8fd54ca\javafx-controls-11-linux.jar;C:\Users\KenGondor\.gradle\caches\modules-2\files-2.1\org.openjfx\javafx-controls\11\58d961774262ec972bf304e16c154a8e18c2050b\javafx-controls-11.jar;C:\Users\KenGondor\.gradle\caches\modules-2\files-2.1\org.openjfx\javafx-graphics\11\9345c7ea43dbcc73a62eca5332717b4ce617e6c6\javafx-graphics-11-win.jar;C:\Users\KenGondor\.gradle\caches\modules-2\files-2.1\org.openjfx\javafx-graphics\11\af47a6d3668d3ce1c61e1fe13c44471b6f8d469\javafx-graphics-11-mac.jar;C:\Users\KenGondor\.gradle\caches\modules-2\files-2.1\org.openjfx\javafx-graphics\11\4ab9edd8d481a42004
Launcher Type: SUN_STANDARD

[Global flags]
     intx CICompilerCount                          = 3                                         {product} {ergonomic}
     uint ConcGCThreads                            = 1                                         {product} {ergonomic}
     uint G1ConcRefinementThreads                  = 4                                         {product} {ergonomic}
   size_t G1HeapRegionSize                         = 1048576                                   {product} {ergonomic}
    uintx GCDrainStackTargetSize                   = 64                                        {product} {ergonomic}
   size_t InitialHeapSize                          = 134217728                                 {product} {ergonomic}
   size_t MarkStackSize                            = 4194304                                   {product} {ergonomic}
   size_t MaxHeapSize                              = 536870912                                 {product} {command line}
   size_t MaxNewSize                               = 321912832                                 {product} {ergonomic}
   size_t MinHeapDeltaBytes                        = 1048576                                   {product} {ergonomic}
    uintx NonNMethodCodeHeapSize                   = 5830732                                {pd product} {ergonomic}
    uintx NonProfiledCodeHeapSize                  = 122913754                              {pd product} {ergonomic}
    uintx ProfiledCodeHeapSize                     = 122913754                              {pd product} {ergonomic}
    uintx ReservedCodeCacheSize                    = 251658240                              {pd product} {ergonomic}
     bool SegmentedCodeCache                       = true                                      {product} {ergonomic}
     bool UseCompressedClassPointers               = true                                 {lp64_product} {ergonomic}
     bool UseCompressedOops                        = true                                 {lp64_product} {ergonomic}
     bool UseG1GC                                  = true                                      {product} {ergonomic}
     bool UseLargePagesIndividualAllocation        = false                                  {pd product} {ergonomic}

Logging:
Log output configuration:
 #0: stdout all=warning uptime,level,tags
 #1: stderr all=off uptime,level,tags

Environment Variables:
JAVA_HOME=C:\Program Files\Java\jdk-11.0.5
PATH=C:\Users\KenGondor\AppData\Local\Programs\Python\Python38\Scripts\;C:\Users\KenGondor\AppData\Local\Programs\Python\Python38\;C:\WINDOWS\system32;C:\WINDOWS;C:\WINDOWS\System32\Wbem;C:\WINDOWS\System32\WindowsPowerShell\v1.0\;C:\WINDOWS\System32\OpenSSH\;C:\Program Files\Microsoft SQL Server\130\Tools\Binn\;C:\Program Files\Intel\WiFi\bin\;C:\Program Files\Common Files\Intel\WirelessCommon\;C:\Program Files\Java\jdk-13.0.1\bin;C:\Program Files\Java\jdk-11.0.5\bin;c:\WINDOWS\System32\WBem;C:\ProgramData\chocolatey\bin;C:\Program Files\MiKTeX 2.9\miktex\bin\x64\;C:\Program Files\Git\cmd;C:\Program Files\mingw-w64\x86_64-8.1.0-posix-seh-rt_v6-rev0\mingw64\bin;c:\Program Files (x86)\Intel\Intel(R) Management Engine Components\DAL;c:\Program Files\Intel\Intel(R) Management Engine Components\DAL;C:\Gradle\gradle-6.6\bin;C:\Program Files\PowerShell\7-preview\preview;C:\Program Files\PostgreSQL\12\bin\;C:\Program Files\nodejs\;C:\ffmpeg\bin\;C:\Users\KenGondor\AppData\Local\Programs\Python\Python37-32\Scripts\;C:\Users\KenGondor\AppData\Local\Programs\Python\Python37-32\;C:\Users\KenGondor\AppData\Local\Microsoft\WindowsApps;C:\Users\KenGondor\AppData\Local\Programs\Microsoft VS Code\bin;C:\Users\KenGondor\AppData\Local\GitHubDesktop\bin;C:\Users\KenGondor\AppData\Local\Microsoft\WindowsApps;C:\Program Files (x86)\GitHub CLI\;C:\Users\KenGondor\AppData\Roaming\npm;C:\Program Files\heroku\bin
USERNAME=KenGondor
OS=Windows_NT
PROCESSOR_IDENTIFIER=Intel64 Family 6 Model 142 Stepping 10, GenuineIntel



---------------  S Y S T E M  ---------------

OS: Windows 10 , 64 bit Build 19041 (10.0.19041.546)

CPU:total 4 (initial active 4) (2 cores per cpu, 2 threads per core) family 6 model 142 stepping 10, cmov, cx8, fxsr, mmx, sse, sse2, sse3, ssse3, sse4.1, sse4.2, popcnt, avx, avx2, aes, clmul, erms, 3dnowpref, lzcnt, ht, tsc, tscinvbit, bmi1, bmi2, adx, fma

Memory: 4k page, system-wide physical 8083M (850M free)
TotalPageFile size 15507M (AvailPageFile size 4077M)
current process WorkingSet (physical memory assigned to process): 235M, peak: 236M
current process commit charge ("private bytes"): 291M, peak: 302M

vm_info: Java HotSpot(TM) 64-Bit Server VM (11.0.5+10-LTS) for windows-amd64 JRE (11.0.5+10-LTS), built on Oct  6 2019 12:37:14 by "mach5one" with MS VC++ 15.5 (VS2017)

END.
